Using pre-set license
Built from '2020.3/china_unity/release' branch; Version is '2020.3.15f2c1 (b25d0e34ed8a) revision 11689230'; Using compiler version '192528614'; Build Type 'Release'
OS: 'Windows 10 Home China; OS build 19044.2006; Version 2009; 64bit' Language: 'zh' Physical Memory: 32116 MB
BatchMode: 1, IsHumanControllingUs: 0, StartBugReporterOnCrash: 0, Is64bit: 1, IsPro: 0

 COMMAND LINE ARGUMENTS:
E:\unity\2020.3.15f2c1\Editor\Unity.exe
-adb2
-batchMode
-noUpm
-name
AssetImportWorker0
-projectPath
E:/unity/projects/GenshinNight
-logFile
Logs/AssetImportWorker0.log
-srvPort
53742
Successfully changed project path to: E:/unity/projects/GenshinNight
E:/unity/projects/GenshinNight
Using Asset Import Pipeline V2.
Refreshing native plugins compatible for Editor in 41.19 ms, found 0 plugins.
Preloading 0 native plugins for Editor in 0.00 ms.
Initialize engine version: 2020.3.15f2c1 (b25d0e34ed8a)
[Subsystems] Discovering subsystems at path E:/unity/2020.3.15f2c1/Editor/Data/Resources/UnitySubsystems
[Subsystems] Discovering subsystems at path E:/unity/projects/GenshinNight/Assets
GfxDevice: creating device client; threaded=0
Direct3D:
    Version:  Direct3D 11.0 [level 11.1]
    Renderer: NVIDIA GeForce RTX 3070 Laptop GPU (ID=0x249d)
    Vendor:   
    VRAM:     8044 MB
    Driver:   30.0.15.1278
Initialize mono
Mono path[0] = 'E:/unity/2020.3.15f2c1/Editor/Data/Managed'
Mono path[1] = 'E:/unity/2020.3.15f2c1/Editor/Data/MonoBleedingEdge/lib/mono/unityjit'
Mono config path = 'E:/unity/2020.3.15f2c1/Editor/Data/MonoBleedingEdge/etc'
Using monoOptions --debugger-agent=transport=dt_socket,embedding=1,server=y,suspend=n,address=127.0.0.1:56408
Begin MonoManager ReloadAssembly
Registering precompiled unity dll's ...
Register platform support module: E:/unity/2020.3.15f2c1/Editor/Data/PlaybackEngines/MacStandaloneSupport/UnityEditor.OSXStandalone.Extensions.dll
Register platform support module: E:/unity/2020.3.15f2c1/Editor/Data/PlaybackEngines/WindowsStandaloneSupport/UnityEditor.WindowsStandalone.Extensions.dll
Registered in 0.001047 seconds.
Native extension for WindowsStandalone target not found
Native extension for OSXStandalone target not found
Refreshing native plugins compatible for Editor in 32.38 ms, found 0 plugins.
Preloading 0 native plugins for Editor in 0.00 ms.
Mono: successfully reloaded assembly
- Completed reload, in  1.201 seconds
Domain Reload Profiling:
	ReloadAssembly (1201ms)
		BeginReloadAssembly (41ms)
			ExecutionOrderSort (0ms)
			DisableScriptedObjects (0ms)
			BackupInstance (0ms)
			ReleaseScriptingObjects (0ms)
			CreateAndSetChildDomain (1ms)
		EndReloadAssembly (374ms)
			LoadAssemblies (40ms)
			RebuildTransferFunctionScriptingTraits (0ms)
			SetupTypeCache (140ms)
			ReleaseScriptCaches (0ms)
			RebuildScriptCaches (24ms)
			SetupLoadedEditorAssemblies (148ms)
				LogAssemblyErrors (0ms)
				InitializePlatformSupportModulesInManaged (4ms)
				SetLoadedEditorAssemblies (0ms)
				RefreshPlugins (32ms)
				BeforeProcessingInitializeOnLoad (9ms)
				ProcessInitializeOnLoadAttributes (78ms)
				ProcessInitializeOnLoadMethodAttributes (24ms)
				AfterProcessingInitializeOnLoad (0ms)
				EditorAssembliesLoaded (0ms)
			ExecutionOrderSort2 (0ms)
			AwakeInstancesAfterBackupRestoration (0ms)
Platform modules already initialized, skipping
Registering precompiled user dll's ...
Registered in 0.000723 seconds.
Begin MonoManager ReloadAssembly
Native extension for WindowsStandalone target not found
Native extension for OSXStandalone target not found
Refreshing native plugins compatible for Editor in 0.45 ms, found 0 plugins.
Preloading 0 native plugins for Editor in 0.00 ms.
Mono: successfully reloaded assembly
- Completed reload, in  0.684 seconds
Domain Reload Profiling:
	ReloadAssembly (685ms)
		BeginReloadAssembly (126ms)
			ExecutionOrderSort (0ms)
			DisableScriptedObjects (4ms)
			BackupInstance (0ms)
			ReleaseScriptingObjects (0ms)
			CreateAndSetChildDomain (19ms)
		EndReloadAssembly (499ms)
			LoadAssemblies (74ms)
			RebuildTransferFunctionScriptingTraits (0ms)
			SetupTypeCache (152ms)
			ReleaseScriptCaches (0ms)
			RebuildScriptCaches (34ms)
			SetupLoadedEditorAssemblies (178ms)
				LogAssemblyErrors (0ms)
				InitializePlatformSupportModulesInManaged (5ms)
				SetLoadedEditorAssemblies (1ms)
				RefreshPlugins (1ms)
				BeforeProcessingInitializeOnLoad (84ms)
				ProcessInitializeOnLoadAttributes (75ms)
				ProcessInitializeOnLoadMethodAttributes (10ms)
				AfterProcessingInitializeOnLoad (2ms)
				EditorAssembliesLoaded (0ms)
			ExecutionOrderSort2 (0ms)
			AwakeInstancesAfterBackupRestoration (5ms)
Platform modules already initialized, skipping
========================================================================
Worker process is ready to serve import requests
Launched and connected shader compiler UnityShaderCompiler.exe after 0.05 seconds
Refreshing native plugins compatible for Editor in 0.44 ms, found 0 plugins.
Preloading 0 native plugins for Editor in 0.00 ms.
Unloading 1415 Unused Serialized files (Serialized files now loaded: 0)
System memory in use before: 80.6 MB.
System memory in use after: 79.5 MB.

Unloading 25 unused Assets to reduce memory usage. Loaded Objects now: 1855.
Total: 2.375300 ms (FindLiveObjects: 0.176200 ms CreateObjectMapping: 0.057700 ms MarkObjects: 1.485200 ms  DeleteObjects: 0.655000 ms)

AssetImportParameters requested are different than current active one (requested -> active):
  custom:framework-win-MediaFoundation: 216162199b28c13a410421893ffa2e32 -> 
  custom:video-decoder-ogg-theora: a1e56fd34408186e4bbccfd4996cb3dc -> 
  custom:container-muxer-webm: aa71ff27fc2769a1b78a27578f13a17b -> 
  custom:container-demuxer-webm: 4f35f7cbe854078d1ac9338744f61a02 -> 
  custom:container-demuxer-ogg: 62fdf1f143b41e24485cea50d1cbac27 -> 
  custom:video-encoder-webm-vp8: eb34c28f22e8b96e1ab97ce403110664 -> 
  custom:video-codec-MediaFoundation-h265: 746d11721c4dcdbdad8f713fa42b33f4 -> 
  custom:video-decoder-webm-vp8: 9c59270c3fd7afecdb556c50c9e8de78 -> 
  custom:audio-decoder-ogg-vorbis: bf7c407c2cedff20999df2af8eb42d56 -> 
  custom:audio-encoder-webm-vorbis: bf7c407c2cedff20999df2af8eb42d56 -> 
========================================================================
Received Import Request.
  path: Assets/干员与敌人/敌人/感染生物/猎狗/hound.cs
  artifactKey: Guid(9415dadfaec2ce84e87ab61d43eb7732) Importer(815301076,1909f56bfc062723c751e8b465ee728b)
Start importing Assets/干员与敌人/敌人/感染生物/猎狗/hound.cs using Guid(9415dadfaec2ce84e87ab61d43eb7732) Importer(815301076,1909f56bfc062723c751e8b465ee728b)  -> (artifact id: '92b7a6fd8634c754d0f44862fee26ac8') in 0.019427 seconds 
  Import took 0.022008 seconds .

========================================================================
Received Import Request.
  Time since last request: 1174.622220 seconds.
  path: Assets/预制体/OperUI/伤害数字/伤害数字大/伤害数字大.prefab
  artifactKey: Guid(28292ffbc341e9648982339c3168465f) Importer(815301076,1909f56bfc062723c751e8b465ee728b)
Start importing Assets/预制体/OperUI/伤害数字/伤害数字大/伤害数字大.prefab using Guid(28292ffbc341e9648982339c3168465f) Importer(815301076,1909f56bfc062723c751e8b465ee728b)  -> (artifact id: '443b1f856758be543e05d0fc01fb6ac3') in 0.037141 seconds 
  Import took 0.040134 seconds .

========================================================================
Received Import Request.
  Time since last request: 8.211454 seconds.
  path: Assets/预制体/OperUI/伤害数字/伤害数字大/伤害数字大.prefab
  artifactKey: Guid(28292ffbc341e9648982339c3168465f) Importer(815301076,1909f56bfc062723c751e8b465ee728b)
Start importing Assets/预制体/OperUI/伤害数字/伤害数字大/伤害数字大.prefab using Guid(28292ffbc341e9648982339c3168465f) Importer(815301076,1909f56bfc062723c751e8b465ee728b)  -> (artifact id: '0c67b2b0f092c4bfc3ef3500a35ad3e9') in 0.010532 seconds 
  Import took 0.013330 seconds .

========================================================================
Received Import Request.
  Time since last request: 2.012733 seconds.
  path: Assets/预制体/OperUI/伤害数字/伤害数字大/伤害数字大.prefab
  artifactKey: Guid(28292ffbc341e9648982339c3168465f) Importer(815301076,1909f56bfc062723c751e8b465ee728b)
Start importing Assets/预制体/OperUI/伤害数字/伤害数字大/伤害数字大.prefab using Guid(28292ffbc341e9648982339c3168465f) Importer(815301076,1909f56bfc062723c751e8b465ee728b)  -> (artifact id: '4039b3456552dd514162c768bea32740') in 0.010365 seconds 
  Import took 0.013151 seconds .

========================================================================
Received Import Request.
  Time since last request: 2.199332 seconds.
  path: Assets/预制体/OperUI/伤害数字/伤害数字大/伤害数字大.prefab
  artifactKey: Guid(28292ffbc341e9648982339c3168465f) Importer(815301076,1909f56bfc062723c751e8b465ee728b)
Start importing Assets/预制体/OperUI/伤害数字/伤害数字大/伤害数字大.prefab using Guid(28292ffbc341e9648982339c3168465f) Importer(815301076,1909f56bfc062723c751e8b465ee728b)  -> (artifact id: 'e362383ba073f8500f27d5cd1c2a4b80') in 0.010973 seconds 
  Import took 0.013763 seconds .

========================================================================
Received Import Request.
  Time since last request: 11.363711 seconds.
  path: Assets/预制体/OperUI/伤害数字/伤害数字大/伤害数字大.prefab
  artifactKey: Guid(28292ffbc341e9648982339c3168465f) Importer(815301076,1909f56bfc062723c751e8b465ee728b)
Start importing Assets/预制体/OperUI/伤害数字/伤害数字大/伤害数字大.prefab using Guid(28292ffbc341e9648982339c3168465f) Importer(815301076,1909f56bfc062723c751e8b465ee728b)  -> (artifact id: '80fdb9486845f7392e78f0a11ad20d97') in 0.010661 seconds 
  Import took 0.013532 seconds .

========================================================================
Received Import Request.
  Time since last request: 4.835826 seconds.
  path: Assets/预制体/OperUI/伤害数字/伤害数字大/伤害数字大.prefab
  artifactKey: Guid(28292ffbc341e9648982339c3168465f) Importer(815301076,1909f56bfc062723c751e8b465ee728b)
Start importing Assets/预制体/OperUI/伤害数字/伤害数字大/伤害数字大.prefab using Guid(28292ffbc341e9648982339c3168465f) Importer(815301076,1909f56bfc062723c751e8b465ee728b)  -> (artifact id: '1dddffb8ef66c96324bfd96b811acd99') in 0.009581 seconds 
  Import took 0.012149 seconds .

========================================================================
Received Import Request.
  Time since last request: 5.430175 seconds.
  path: Assets/预制体/OperUI/伤害数字/伤害数字大/伤害数字大.prefab
  artifactKey: Guid(28292ffbc341e9648982339c3168465f) Importer(815301076,1909f56bfc062723c751e8b465ee728b)
Start importing Assets/预制体/OperUI/伤害数字/伤害数字大/伤害数字大.prefab using Guid(28292ffbc341e9648982339c3168465f) Importer(815301076,1909f56bfc062723c751e8b465ee728b)  -> (artifact id: '1ccfbfd5a48f81db2a2551bc060d4f76') in 0.010775 seconds 
  Import took 0.013481 seconds .

========================================================================
Received Import Request.
  Time since last request: 4.021184 seconds.
  path: Assets/预制体/OperUI/伤害数字/伤害数字大/伤害数字大.prefab
  artifactKey: Guid(28292ffbc341e9648982339c3168465f) Importer(815301076,1909f56bfc062723c751e8b465ee728b)
Start importing Assets/预制体/OperUI/伤害数字/伤害数字大/伤害数字大.prefab using Guid(28292ffbc341e9648982339c3168465f) Importer(815301076,1909f56bfc062723c751e8b465ee728b)  -> (artifact id: '3eed03b93c52ee1e8d079d05f5d4f65b') in 0.010030 seconds 
  Import took 0.012761 seconds .

========================================================================
Received Import Request.
  Time since last request: 3.673599 seconds.
  path: Assets/预制体/OperUI/伤害数字/伤害数字大/伤害数字大.prefab
  artifactKey: Guid(28292ffbc341e9648982339c3168465f) Importer(815301076,1909f56bfc062723c751e8b465ee728b)
Start importing Assets/预制体/OperUI/伤害数字/伤害数字大/伤害数字大.prefab using Guid(28292ffbc341e9648982339c3168465f) Importer(815301076,1909f56bfc062723c751e8b465ee728b)  -> (artifact id: '5249160e8ed199cc842a6cc4aa529b41') in 0.011208 seconds 
  Import took 0.013818 seconds .

========================================================================
Received Import Request.
  Time since last request: 28.573603 seconds.
  path: Assets/预制体/OperUI/伤害数字/伤害数字大/伤害数字大.prefab
  artifactKey: Guid(28292ffbc341e9648982339c3168465f) Importer(815301076,1909f56bfc062723c751e8b465ee728b)
Start importing Assets/预制体/OperUI/伤害数字/伤害数字大/伤害数字大.prefab using Guid(28292ffbc341e9648982339c3168465f) Importer(815301076,1909f56bfc062723c751e8b465ee728b)  -> (artifact id: '7d7991de8be188a037ff6bb4d605dfba') in 0.010186 seconds 
  Import took 0.013191 seconds .

========================================================================
Received Import Request.
  Time since last request: 1.188121 seconds.
  path: Assets/预制体/OperUI/伤害数字/伤害数字大/伤害数字大.prefab
  artifactKey: Guid(28292ffbc341e9648982339c3168465f) Importer(815301076,1909f56bfc062723c751e8b465ee728b)
Start importing Assets/预制体/OperUI/伤害数字/伤害数字大/伤害数字大.prefab using Guid(28292ffbc341e9648982339c3168465f) Importer(815301076,1909f56bfc062723c751e8b465ee728b)  -> (artifact id: 'c6157f50f36891b95515d228e75d7734') in 0.009878 seconds 
  Import took 0.012659 seconds .

========================================================================
Received Import Request.
  Time since last request: 1.013733 seconds.
  path: Assets/预制体/OperUI/伤害数字/伤害数字大/伤害数字大.prefab
  artifactKey: Guid(28292ffbc341e9648982339c3168465f) Importer(815301076,1909f56bfc062723c751e8b465ee728b)
Start importing Assets/预制体/OperUI/伤害数字/伤害数字大/伤害数字大.prefab using Guid(28292ffbc341e9648982339c3168465f) Importer(815301076,1909f56bfc062723c751e8b465ee728b)  -> (artifact id: 'c20da3548c8f0325f452bb175eca68c1') in 0.009941 seconds 
  Import took 0.012691 seconds .

========================================================================
Received Import Request.
  Time since last request: 5.832802 seconds.
  path: Assets/预制体/OperUI/伤害数字/伤害数字大/伤害数字大.prefab
  artifactKey: Guid(28292ffbc341e9648982339c3168465f) Importer(815301076,1909f56bfc062723c751e8b465ee728b)
Start importing Assets/预制体/OperUI/伤害数字/伤害数字大/伤害数字大.prefab using Guid(28292ffbc341e9648982339c3168465f) Importer(815301076,1909f56bfc062723c751e8b465ee728b)  -> (artifact id: '0ffd2d21570eba23b8857e89d7d971a5') in 0.010939 seconds 
  Import took 0.013892 seconds .

========================================================================
Received Import Request.
  Time since last request: 4.278667 seconds.
  path: Assets/预制体/OperUI/伤害数字/伤害数字大/伤害数字大.prefab
  artifactKey: Guid(28292ffbc341e9648982339c3168465f) Importer(815301076,1909f56bfc062723c751e8b465ee728b)
Start importing Assets/预制体/OperUI/伤害数字/伤害数字大/伤害数字大.prefab using Guid(28292ffbc341e9648982339c3168465f) Importer(815301076,1909f56bfc062723c751e8b465ee728b)  -> (artifact id: '4301105afa492b569c2a82ba2c4a67bf') in 0.010545 seconds 
  Import took 0.013301 seconds .

========================================================================
Received Import Request.
  Time since last request: 6.701643 seconds.
  path: Assets/预制体/OperUI/伤害数字/伤害数字大/伤害数字大.prefab
  artifactKey: Guid(28292ffbc341e9648982339c3168465f) Importer(815301076,1909f56bfc062723c751e8b465ee728b)
Start importing Assets/预制体/OperUI/伤害数字/伤害数字大/伤害数字大.prefab using Guid(28292ffbc341e9648982339c3168465f) Importer(815301076,1909f56bfc062723c751e8b465ee728b)  -> (artifact id: '163af4d2b9250686afdbf51b1f2984bd') in 0.009822 seconds 
  Import took 0.012505 seconds .

========================================================================
Received Import Request.
  Time since last request: 2.801340 seconds.
  path: Assets/预制体/OperUI/伤害数字/伤害数字大/伤害数字大.prefab
  artifactKey: Guid(28292ffbc341e9648982339c3168465f) Importer(815301076,1909f56bfc062723c751e8b465ee728b)
Start importing Assets/预制体/OperUI/伤害数字/伤害数字大/伤害数字大.prefab using Guid(28292ffbc341e9648982339c3168465f) Importer(815301076,1909f56bfc062723c751e8b465ee728b)  -> (artifact id: 'ee5f25c25cccc2e80fabc3c435f6f36f') in 0.010271 seconds 
  Import took 0.013061 seconds .

========================================================================
Received Import Request.
  Time since last request: 5.673350 seconds.
  path: Assets/预制体/OperUI/伤害数字/伤害数字大/伤害数字大.prefab
  artifactKey: Guid(28292ffbc341e9648982339c3168465f) Importer(815301076,1909f56bfc062723c751e8b465ee728b)
Start importing Assets/预制体/OperUI/伤害数字/伤害数字大/伤害数字大.prefab using Guid(28292ffbc341e9648982339c3168465f) Importer(815301076,1909f56bfc062723c751e8b465ee728b)  -> (artifact id: 'f4e5455f7784dd7f6c8acca4935ccde6') in 0.009677 seconds 
  Import took 0.012694 seconds .

========================================================================
Received Import Request.
  Time since last request: 3.603798 seconds.
  path: Assets/预制体/OperUI/伤害数字/伤害数字大/伤害数字大.prefab
  artifactKey: Guid(28292ffbc341e9648982339c3168465f) Importer(815301076,1909f56bfc062723c751e8b465ee728b)
Start importing Assets/预制体/OperUI/伤害数字/伤害数字大/伤害数字大.prefab using Guid(28292ffbc341e9648982339c3168465f) Importer(815301076,1909f56bfc062723c751e8b465ee728b)  -> (artifact id: '7e5d82a01dbd69164dfe2e7f9f0a0a17') in 0.010318 seconds 
  Import took 0.013057 seconds .

========================================================================
Received Import Request.
  Time since last request: 2.622196 seconds.
  path: Assets/预制体/OperUI/伤害数字/伤害数字大/伤害数字大.prefab
  artifactKey: Guid(28292ffbc341e9648982339c3168465f) Importer(815301076,1909f56bfc062723c751e8b465ee728b)
Start importing Assets/预制体/OperUI/伤害数字/伤害数字大/伤害数字大.prefab using Guid(28292ffbc341e9648982339c3168465f) Importer(815301076,1909f56bfc062723c751e8b465ee728b)  -> (artifact id: '7fdc82edf443e33e8254bf2531e28b3a') in 0.009463 seconds 
  Import took 0.012041 seconds .

========================================================================
Received Import Request.
  Time since last request: 1.189595 seconds.
  path: Assets/预制体/OperUI/伤害数字/伤害数字大/伤害数字大.prefab
  artifactKey: Guid(28292ffbc341e9648982339c3168465f) Importer(815301076,1909f56bfc062723c751e8b465ee728b)
Start importing Assets/预制体/OperUI/伤害数字/伤害数字大/伤害数字大.prefab using Guid(28292ffbc341e9648982339c3168465f) Importer(815301076,1909f56bfc062723c751e8b465ee728b)  -> (artifact id: '70631b3c926a75701c06346d594d4acb') in 0.009801 seconds 
  Import took 0.012473 seconds .

========================================================================
Received Import Request.
  Time since last request: 4.253406 seconds.
  path: Assets/预制体/OperUI/伤害数字/伤害数字大/伤害数字大.prefab
  artifactKey: Guid(28292ffbc341e9648982339c3168465f) Importer(815301076,1909f56bfc062723c751e8b465ee728b)
Start importing Assets/预制体/OperUI/伤害数字/伤害数字大/伤害数字大.prefab using Guid(28292ffbc341e9648982339c3168465f) Importer(815301076,1909f56bfc062723c751e8b465ee728b)  -> (artifact id: '38029673c7da6cf37c622f71cc512fb3') in 0.010001 seconds 
  Import took 0.012673 seconds .

========================================================================
Received Prepare
Registering precompiled user dll's ...
Registered in 0.000568 seconds.
Begin MonoManager ReloadAssembly
Native extension for WindowsStandalone target not found
Native extension for OSXStandalone target not found
Refreshing native plugins compatible for Editor in 0.43 ms, found 0 plugins.
Preloading 0 native plugins for Editor in 0.00 ms.
Mono: successfully reloaded assembly
- Completed reload, in  0.563 seconds
Domain Reload Profiling:
	ReloadAssembly (564ms)
		BeginReloadAssembly (81ms)
			ExecutionOrderSort (0ms)
			DisableScriptedObjects (5ms)
			BackupInstance (0ms)
			ReleaseScriptingObjects (0ms)
			CreateAndSetChildDomain (20ms)
		EndReloadAssembly (440ms)
			LoadAssemblies (56ms)
			RebuildTransferFunctionScriptingTraits (0ms)
			SetupTypeCache (146ms)
			ReleaseScriptCaches (1ms)
			RebuildScriptCaches (25ms)
			SetupLoadedEditorAssemblies (147ms)
				LogAssemblyErrors (0ms)
				InitializePlatformSupportModulesInManaged (4ms)
				SetLoadedEditorAssemblies (0ms)
				RefreshPlugins (0ms)
				BeforeProcessingInitializeOnLoad (66ms)
				ProcessInitializeOnLoadAttributes (67ms)
				ProcessInitializeOnLoadMethodAttributes (6ms)
				AfterProcessingInitializeOnLoad (2ms)
				EditorAssembliesLoaded (0ms)
			ExecutionOrderSort2 (0ms)
			AwakeInstancesAfterBackupRestoration (5ms)
Platform modules already initialized, skipping
Refreshing native plugins compatible for Editor in 0.45 ms, found 0 plugins.
Preloading 0 native plugins for Editor in 0.00 ms.
Unloading 1370 Unused Serialized files (Serialized files now loaded: 0)
System memory in use before: 76.6 MB.
System memory in use after: 75.5 MB.

Unloading 16 unused Assets to reduce memory usage. Loaded Objects now: 1858.
Total: 2.216600 ms (FindLiveObjects: 0.153700 ms CreateObjectMapping: 0.036300 ms MarkObjects: 1.316200 ms  DeleteObjects: 0.709300 ms)

AssetImportParameters requested are different than current active one (requested -> active):
  custom:framework-win-MediaFoundation: 216162199b28c13a410421893ffa2e32 -> 
  custom:video-decoder-ogg-theora: a1e56fd34408186e4bbccfd4996cb3dc -> 
  custom:container-muxer-webm: aa71ff27fc2769a1b78a27578f13a17b -> 
  custom:container-demuxer-webm: 4f35f7cbe854078d1ac9338744f61a02 -> 
  custom:container-demuxer-ogg: 62fdf1f143b41e24485cea50d1cbac27 -> 
  custom:video-encoder-webm-vp8: eb34c28f22e8b96e1ab97ce403110664 -> 
  custom:video-codec-MediaFoundation-h265: 746d11721c4dcdbdad8f713fa42b33f4 -> 
  custom:video-decoder-webm-vp8: 9c59270c3fd7afecdb556c50c9e8de78 -> 
  custom:audio-decoder-ogg-vorbis: bf7c407c2cedff20999df2af8eb42d56 -> 
  custom:audio-encoder-webm-vorbis: bf7c407c2cedff20999df2af8eb42d56 -> 
========================================================================
Received Prepare
Registering precompiled user dll's ...
Registered in 0.000500 seconds.
Begin MonoManager ReloadAssembly
Native extension for WindowsStandalone target not found
Native extension for OSXStandalone target not found
Refreshing native plugins compatible for Editor in 0.43 ms, found 0 plugins.
Preloading 0 native plugins for Editor in 0.00 ms.
Mono: successfully reloaded assembly
- Completed reload, in  0.538 seconds
Domain Reload Profiling:
	ReloadAssembly (539ms)
		BeginReloadAssembly (76ms)
			ExecutionOrderSort (0ms)
			DisableScriptedObjects (5ms)
			BackupInstance (0ms)
			ReleaseScriptingObjects (0ms)
			CreateAndSetChildDomain (20ms)
		EndReloadAssembly (423ms)
			LoadAssemblies (56ms)
			RebuildTransferFunctionScriptingTraits (0ms)
			SetupTypeCache (133ms)
			ReleaseScriptCaches (1ms)
			RebuildScriptCaches (25ms)
			SetupLoadedEditorAssemblies (144ms)
				LogAssemblyErrors (0ms)
				InitializePlatformSupportModulesInManaged (4ms)
				SetLoadedEditorAssemblies (0ms)
				RefreshPlugins (0ms)
				BeforeProcessingInitializeOnLoad (65ms)
				ProcessInitializeOnLoadAttributes (67ms)
				ProcessInitializeOnLoadMethodAttributes (6ms)
				AfterProcessingInitializeOnLoad (2ms)
				EditorAssembliesLoaded (0ms)
			ExecutionOrderSort2 (0ms)
			AwakeInstancesAfterBackupRestoration (5ms)
Platform modules already initialized, skipping
Refreshing native plugins compatible for Editor in 0.43 ms, found 0 plugins.
Preloading 0 native plugins for Editor in 0.00 ms.
Unloading 1370 Unused Serialized files (Serialized files now loaded: 0)
System memory in use before: 76.7 MB.
System memory in use after: 75.5 MB.

Unloading 16 unused Assets to reduce memory usage. Loaded Objects now: 1861.
Total: 2.060600 ms (FindLiveObjects: 0.140600 ms CreateObjectMapping: 0.033600 ms MarkObjects: 1.107500 ms  DeleteObjects: 0.777900 ms)

AssetImportParameters requested are different than current active one (requested -> active):
  custom:framework-win-MediaFoundation: 216162199b28c13a410421893ffa2e32 -> 
  custom:video-decoder-ogg-theora: a1e56fd34408186e4bbccfd4996cb3dc -> 
  custom:container-muxer-webm: aa71ff27fc2769a1b78a27578f13a17b -> 
  custom:container-demuxer-webm: 4f35f7cbe854078d1ac9338744f61a02 -> 
  custom:container-demuxer-ogg: 62fdf1f143b41e24485cea50d1cbac27 -> 
  custom:video-encoder-webm-vp8: eb34c28f22e8b96e1ab97ce403110664 -> 
  custom:video-codec-MediaFoundation-h265: 746d11721c4dcdbdad8f713fa42b33f4 -> 
  custom:video-decoder-webm-vp8: 9c59270c3fd7afecdb556c50c9e8de78 -> 
  custom:audio-decoder-ogg-vorbis: bf7c407c2cedff20999df2af8eb42d56 -> 
  custom:audio-encoder-webm-vorbis: bf7c407c2cedff20999df2af8eb42d56 -> 
========================================================================
Received Prepare
Registering precompiled user dll's ...
Registered in 0.000536 seconds.
Begin MonoManager ReloadAssembly
Native extension for WindowsStandalone target not found
Native extension for OSXStandalone target not found
Refreshing native plugins compatible for Editor in 0.43 ms, found 0 plugins.
Preloading 0 native plugins for Editor in 0.00 ms.
Mono: successfully reloaded assembly
- Completed reload, in  0.572 seconds
Domain Reload Profiling:
	ReloadAssembly (572ms)
		BeginReloadAssembly (81ms)
			ExecutionOrderSort (0ms)
			DisableScriptedObjects (5ms)
			BackupInstance (0ms)
			ReleaseScriptingObjects (0ms)
			CreateAndSetChildDomain (20ms)
		EndReloadAssembly (448ms)
			LoadAssemblies (60ms)
			RebuildTransferFunctionScriptingTraits (0ms)
			SetupTypeCache (148ms)
			ReleaseScriptCaches (1ms)
			RebuildScriptCaches (26ms)
			SetupLoadedEditorAssemblies (146ms)
				LogAssemblyErrors (0ms)
				InitializePlatformSupportModulesInManaged (4ms)
				SetLoadedEditorAssemblies (0ms)
				RefreshPlugins (0ms)
				BeforeProcessingInitializeOnLoad (66ms)
				ProcessInitializeOnLoadAttributes (67ms)
				ProcessInitializeOnLoadMethodAttributes (6ms)
				AfterProcessingInitializeOnLoad (2ms)
				EditorAssembliesLoaded (0ms)
			ExecutionOrderSort2 (0ms)
			AwakeInstancesAfterBackupRestoration (5ms)
Platform modules already initialized, skipping
Refreshing native plugins compatible for Editor in 0.43 ms, found 0 plugins.
Preloading 0 native plugins for Editor in 0.00 ms.
Unloading 1370 Unused Serialized files (Serialized files now loaded: 0)
System memory in use before: 76.6 MB.
System memory in use after: 75.5 MB.

Unloading 16 unused Assets to reduce memory usage. Loaded Objects now: 1864.
Total: 2.250400 ms (FindLiveObjects: 0.152700 ms CreateObjectMapping: 0.044500 ms MarkObjects: 1.268200 ms  DeleteObjects: 0.784100 ms)

AssetImportParameters requested are different than current active one (requested -> active):
  custom:framework-win-MediaFoundation: 216162199b28c13a410421893ffa2e32 -> 
  custom:video-decoder-ogg-theora: a1e56fd34408186e4bbccfd4996cb3dc -> 
  custom:container-muxer-webm: aa71ff27fc2769a1b78a27578f13a17b -> 
  custom:container-demuxer-webm: 4f35f7cbe854078d1ac9338744f61a02 -> 
  custom:container-demuxer-ogg: 62fdf1f143b41e24485cea50d1cbac27 -> 
  custom:video-encoder-webm-vp8: eb34c28f22e8b96e1ab97ce403110664 -> 
  custom:video-codec-MediaFoundation-h265: 746d11721c4dcdbdad8f713fa42b33f4 -> 
  custom:video-decoder-webm-vp8: 9c59270c3fd7afecdb556c50c9e8de78 -> 
  custom:audio-decoder-ogg-vorbis: bf7c407c2cedff20999df2af8eb42d56 -> 
  custom:audio-encoder-webm-vorbis: bf7c407c2cedff20999df2af8eb42d56 -> 
========================================================================
Received Prepare
Registering precompiled user dll's ...
Registered in 0.000630 seconds.
Begin MonoManager ReloadAssembly
Native extension for WindowsStandalone target not found
Native extension for OSXStandalone target not found
Refreshing native plugins compatible for Editor in 0.43 ms, found 0 plugins.
Preloading 0 native plugins for Editor in 0.00 ms.
Mono: successfully reloaded assembly
- Completed reload, in  0.601 seconds
Domain Reload Profiling:
	ReloadAssembly (602ms)
		BeginReloadAssembly (79ms)
			ExecutionOrderSort (0ms)
			DisableScriptedObjects (5ms)
			BackupInstance (0ms)
			ReleaseScriptingObjects (0ms)
			CreateAndSetChildDomain (19ms)
		EndReloadAssembly (481ms)
			LoadAssemblies (57ms)
			RebuildTransferFunctionScriptingTraits (0ms)
			SetupTypeCache (147ms)
			ReleaseScriptCaches (1ms)
			RebuildScriptCaches (32ms)
			SetupLoadedEditorAssemblies (175ms)
				LogAssemblyErrors (0ms)
				InitializePlatformSupportModulesInManaged (5ms)
				SetLoadedEditorAssemblies (0ms)
				RefreshPlugins (0ms)
				BeforeProcessingInitializeOnLoad (90ms)
				ProcessInitializeOnLoadAttributes (70ms)
				ProcessInitializeOnLoadMethodAttributes (6ms)
				AfterProcessingInitializeOnLoad (2ms)
				EditorAssembliesLoaded (0ms)
			ExecutionOrderSort2 (0ms)
			AwakeInstancesAfterBackupRestoration (5ms)
Platform modules already initialized, skipping
Refreshing native plugins compatible for Editor in 0.41 ms, found 0 plugins.
Preloading 0 native plugins for Editor in 0.00 ms.
Unloading 1370 Unused Serialized files (Serialized files now loaded: 0)
System memory in use before: 76.7 MB.
System memory in use after: 75.5 MB.

Unloading 16 unused Assets to reduce memory usage. Loaded Objects now: 1867.
Total: 2.172600 ms (FindLiveObjects: 0.162900 ms CreateObjectMapping: 0.034800 ms MarkObjects: 1.169200 ms  DeleteObjects: 0.804600 ms)

AssetImportParameters requested are different than current active one (requested -> active):
  custom:framework-win-MediaFoundation: 216162199b28c13a410421893ffa2e32 -> 
  custom:video-decoder-ogg-theora: a1e56fd34408186e4bbccfd4996cb3dc -> 
  custom:container-muxer-webm: aa71ff27fc2769a1b78a27578f13a17b -> 
  custom:container-demuxer-webm: 4f35f7cbe854078d1ac9338744f61a02 -> 
  custom:container-demuxer-ogg: 62fdf1f143b41e24485cea50d1cbac27 -> 
  custom:video-encoder-webm-vp8: eb34c28f22e8b96e1ab97ce403110664 -> 
  custom:video-codec-MediaFoundation-h265: 746d11721c4dcdbdad8f713fa42b33f4 -> 
  custom:video-decoder-webm-vp8: 9c59270c3fd7afecdb556c50c9e8de78 -> 
  custom:audio-decoder-ogg-vorbis: bf7c407c2cedff20999df2af8eb42d56 -> 
  custom:audio-encoder-webm-vorbis: bf7c407c2cedff20999df2af8eb42d56 -> 
========================================================================
Received Prepare
Registering precompiled user dll's ...
Registered in 0.000739 seconds.
Begin MonoManager ReloadAssembly
Native extension for WindowsStandalone target not found
Native extension for OSXStandalone target not found
Refreshing native plugins compatible for Editor in 0.42 ms, found 0 plugins.
Preloading 0 native plugins for Editor in 0.00 ms.
Mono: successfully reloaded assembly
- Completed reload, in  0.581 seconds
Domain Reload Profiling:
	ReloadAssembly (582ms)
		BeginReloadAssembly (78ms)
			ExecutionOrderSort (0ms)
			DisableScriptedObjects (6ms)
			BackupInstance (0ms)
			ReleaseScriptingObjects (0ms)
			CreateAndSetChildDomain (19ms)
		EndReloadAssembly (460ms)
			LoadAssemblies (65ms)
			RebuildTransferFunctionScriptingTraits (0ms)
			SetupTypeCache (146ms)
			ReleaseScriptCaches (1ms)
			RebuildScriptCaches (26ms)
			SetupLoadedEditorAssemblies (147ms)
				LogAssemblyErrors (0ms)
				InitializePlatformSupportModulesInManaged (4ms)
				SetLoadedEditorAssemblies (0ms)
				RefreshPlugins (0ms)
				BeforeProcessingInitializeOnLoad (65ms)
				ProcessInitializeOnLoadAttributes (68ms)
				ProcessInitializeOnLoadMethodAttributes (7ms)
				AfterProcessingInitializeOnLoad (2ms)
				EditorAssembliesLoaded (0ms)
			ExecutionOrderSort2 (0ms)
			AwakeInstancesAfterBackupRestoration (5ms)
Platform modules already initialized, skipping
Refreshing native plugins compatible for Editor in 0.43 ms, found 0 plugins.
Preloading 0 native plugins for Editor in 0.00 ms.
Unloading 1370 Unused Serialized files (Serialized files now loaded: 0)
System memory in use before: 76.7 MB.
System memory in use after: 75.5 MB.

Unloading 16 unused Assets to reduce memory usage. Loaded Objects now: 1870.
Total: 2.255600 ms (FindLiveObjects: 0.137300 ms CreateObjectMapping: 0.034400 ms MarkObjects: 1.262200 ms  DeleteObjects: 0.821000 ms)

AssetImportParameters requested are different than current active one (requested -> active):
  custom:framework-win-MediaFoundation: 216162199b28c13a410421893ffa2e32 -> 
  custom:video-decoder-ogg-theora: a1e56fd34408186e4bbccfd4996cb3dc -> 
  custom:container-muxer-webm: aa71ff27fc2769a1b78a27578f13a17b -> 
  custom:container-demuxer-webm: 4f35f7cbe854078d1ac9338744f61a02 -> 
  custom:container-demuxer-ogg: 62fdf1f143b41e24485cea50d1cbac27 -> 
  custom:video-encoder-webm-vp8: eb34c28f22e8b96e1ab97ce403110664 -> 
  custom:video-codec-MediaFoundation-h265: 746d11721c4dcdbdad8f713fa42b33f4 -> 
  custom:video-decoder-webm-vp8: 9c59270c3fd7afecdb556c50c9e8de78 -> 
  custom:audio-decoder-ogg-vorbis: bf7c407c2cedff20999df2af8eb42d56 -> 
  custom:audio-encoder-webm-vorbis: bf7c407c2cedff20999df2af8eb42d56 -> 
========================================================================
Received Prepare
Registering precompiled user dll's ...
Registered in 0.000494 seconds.
Begin MonoManager ReloadAssembly
Native extension for WindowsStandalone target not found
Native extension for OSXStandalone target not found
Refreshing native plugins compatible for Editor in 0.43 ms, found 0 plugins.
Preloading 0 native plugins for Editor in 0.00 ms.
Mono: successfully reloaded assembly
- Completed reload, in  0.626 seconds
Domain Reload Profiling:
	ReloadAssembly (626ms)
		BeginReloadAssembly (84ms)
			ExecutionOrderSort (0ms)
			DisableScriptedObjects (5ms)
			BackupInstance (0ms)
			ReleaseScriptingObjects (0ms)
			CreateAndSetChildDomain (20ms)
		EndReloadAssembly (495ms)
			LoadAssemblies (59ms)
			RebuildTransferFunctionScriptingTraits (0ms)
			SetupTypeCache (148ms)
			ReleaseScriptCaches (1ms)
			RebuildScriptCaches (26ms)
			SetupLoadedEditorAssemblies (185ms)
				LogAssemblyErrors (0ms)
				InitializePlatformSupportModulesInManaged (4ms)
				SetLoadedEditorAssemblies (0ms)
				RefreshPlugins (0ms)
				BeforeProcessingInitializeOnLoad (105ms)
				ProcessInitializeOnLoadAttributes (67ms)
				ProcessInitializeOnLoadMethodAttributes (6ms)
				AfterProcessingInitializeOnLoad (2ms)
				EditorAssembliesLoaded (0ms)
			ExecutionOrderSort2 (0ms)
			AwakeInstancesAfterBackupRestoration (5ms)
Platform modules already initialized, skipping
Refreshing native plugins compatible for Editor in 0.42 ms, found 0 plugins.
Preloading 0 native plugins for Editor in 0.00 ms.
Unloading 1370 Unused Serialized files (Serialized files now loaded: 0)
System memory in use before: 76.7 MB.
System memory in use after: 75.5 MB.

Unloading 16 unused Assets to reduce memory usage. Loaded Objects now: 1873.
Total: 2.426200 ms (FindLiveObjects: 0.145400 ms CreateObjectMapping: 0.035800 ms MarkObjects: 1.303100 ms  DeleteObjects: 0.940800 ms)

AssetImportParameters requested are different than current active one (requested -> active):
  custom:framework-win-MediaFoundation: 216162199b28c13a410421893ffa2e32 -> 
  custom:video-decoder-ogg-theora: a1e56fd34408186e4bbccfd4996cb3dc -> 
  custom:container-muxer-webm: aa71ff27fc2769a1b78a27578f13a17b -> 
  custom:container-demuxer-webm: 4f35f7cbe854078d1ac9338744f61a02 -> 
  custom:container-demuxer-ogg: 62fdf1f143b41e24485cea50d1cbac27 -> 
  custom:video-encoder-webm-vp8: eb34c28f22e8b96e1ab97ce403110664 -> 
  custom:video-codec-MediaFoundation-h265: 746d11721c4dcdbdad8f713fa42b33f4 -> 
  custom:video-decoder-webm-vp8: 9c59270c3fd7afecdb556c50c9e8de78 -> 
  custom:audio-decoder-ogg-vorbis: bf7c407c2cedff20999df2af8eb42d56 -> 
  custom:audio-encoder-webm-vorbis: bf7c407c2cedff20999df2af8eb42d56 -> 
========================================================================
Received Prepare
Registering precompiled user dll's ...
Registered in 0.000527 seconds.
Begin MonoManager ReloadAssembly
Native extension for WindowsStandalone target not found
Native extension for OSXStandalone target not found
Refreshing native plugins compatible for Editor in 0.42 ms, found 0 plugins.
Preloading 0 native plugins for Editor in 0.00 ms.
Mono: successfully reloaded assembly
- Completed reload, in  0.594 seconds
Domain Reload Profiling:
	ReloadAssembly (595ms)
		BeginReloadAssembly (88ms)
			ExecutionOrderSort (0ms)
			DisableScriptedObjects (5ms)
			BackupInstance (0ms)
			ReleaseScriptingObjects (0ms)
			CreateAndSetChildDomain (20ms)
		EndReloadAssembly (464ms)
			LoadAssemblies (63ms)
			RebuildTransferFunctionScriptingTraits (0ms)
			SetupTypeCache (154ms)
			ReleaseScriptCaches (1ms)
			RebuildScriptCaches (27ms)
			SetupLoadedEditorAssemblies (152ms)
				LogAssemblyErrors (0ms)
				InitializePlatformSupportModulesInManaged (5ms)
				SetLoadedEditorAssemblies (0ms)
				RefreshPlugins (0ms)
				BeforeProcessingInitializeOnLoad (68ms)
				ProcessInitializeOnLoadAttributes (70ms)
				ProcessInitializeOnLoadMethodAttributes (6ms)
				AfterProcessingInitializeOnLoad (2ms)
				EditorAssembliesLoaded (0ms)
			ExecutionOrderSort2 (0ms)
			AwakeInstancesAfterBackupRestoration (5ms)
Platform modules already initialized, skipping
Refreshing native plugins compatible for Editor in 0.43 ms, found 0 plugins.
Preloading 0 native plugins for Editor in 0.00 ms.
Unloading 1370 Unused Serialized files (Serialized files now loaded: 0)
System memory in use before: 76.7 MB.
System memory in use after: 75.5 MB.

Unloading 16 unused Assets to reduce memory usage. Loaded Objects now: 1876.
Total: 2.369400 ms (FindLiveObjects: 0.135100 ms CreateObjectMapping: 0.036100 ms MarkObjects: 1.379900 ms  DeleteObjects: 0.817400 ms)

AssetImportParameters requested are different than current active one (requested -> active):
  custom:framework-win-MediaFoundation: 216162199b28c13a410421893ffa2e32 -> 
  custom:video-decoder-ogg-theora: a1e56fd34408186e4bbccfd4996cb3dc -> 
  custom:container-muxer-webm: aa71ff27fc2769a1b78a27578f13a17b -> 
  custom:container-demuxer-webm: 4f35f7cbe854078d1ac9338744f61a02 -> 
  custom:container-demuxer-ogg: 62fdf1f143b41e24485cea50d1cbac27 -> 
  custom:video-encoder-webm-vp8: eb34c28f22e8b96e1ab97ce403110664 -> 
  custom:video-codec-MediaFoundation-h265: 746d11721c4dcdbdad8f713fa42b33f4 -> 
  custom:video-decoder-webm-vp8: 9c59270c3fd7afecdb556c50c9e8de78 -> 
  custom:audio-decoder-ogg-vorbis: bf7c407c2cedff20999df2af8eb42d56 -> 
  custom:audio-encoder-webm-vorbis: bf7c407c2cedff20999df2af8eb42d56 -> 
========================================================================
Received Prepare
Registering precompiled user dll's ...
Registered in 0.000504 seconds.
Begin MonoManager ReloadAssembly
Native extension for WindowsStandalone target not found
Native extension for OSXStandalone target not found
Refreshing native plugins compatible for Editor in 0.43 ms, found 0 plugins.
Preloading 0 native plugins for Editor in 0.00 ms.
Mono: successfully reloaded assembly
- Completed reload, in  0.597 seconds
Domain Reload Profiling:
	ReloadAssembly (597ms)
		BeginReloadAssembly (73ms)
			ExecutionOrderSort (0ms)
			DisableScriptedObjects (5ms)
			BackupInstance (0ms)
			ReleaseScriptingObjects (0ms)
			CreateAndSetChildDomain (19ms)
		EndReloadAssembly (483ms)
			LoadAssemblies (57ms)
			RebuildTransferFunctionScriptingTraits (0ms)
			SetupTypeCache (148ms)
			ReleaseScriptCaches (1ms)
			RebuildScriptCaches (26ms)
			SetupLoadedEditorAssemblies (177ms)
				LogAssemblyErrors (0ms)
				InitializePlatformSupportModulesInManaged (4ms)
				SetLoadedEditorAssemblies (0ms)
				RefreshPlugins (0ms)
				BeforeProcessingInitializeOnLoad (68ms)
				ProcessInitializeOnLoadAttributes (93ms)
				ProcessInitializeOnLoadMethodAttributes (7ms)
				AfterProcessingInitializeOnLoad (3ms)
				EditorAssembliesLoaded (0ms)
			ExecutionOrderSort2 (0ms)
			AwakeInstancesAfterBackupRestoration (5ms)
Platform modules already initialized, skipping
Refreshing native plugins compatible for Editor in 0.42 ms, found 0 plugins.
Preloading 0 native plugins for Editor in 0.00 ms.
Unloading 1370 Unused Serialized files (Serialized files now loaded: 0)
System memory in use before: 76.7 MB.
System memory in use after: 75.5 MB.

Unloading 16 unused Assets to reduce memory usage. Loaded Objects now: 1879.
Total: 2.452800 ms (FindLiveObjects: 0.157700 ms CreateObjectMapping: 0.042600 ms MarkObjects: 1.432600 ms  DeleteObjects: 0.818400 ms)

AssetImportParameters requested are different than current active one (requested -> active):
  custom:framework-win-MediaFoundation: 216162199b28c13a410421893ffa2e32 -> 
  custom:video-decoder-ogg-theora: a1e56fd34408186e4bbccfd4996cb3dc -> 
  custom:container-muxer-webm: aa71ff27fc2769a1b78a27578f13a17b -> 
  custom:container-demuxer-webm: 4f35f7cbe854078d1ac9338744f61a02 -> 
  custom:container-demuxer-ogg: 62fdf1f143b41e24485cea50d1cbac27 -> 
  custom:video-encoder-webm-vp8: eb34c28f22e8b96e1ab97ce403110664 -> 
  custom:video-codec-MediaFoundation-h265: 746d11721c4dcdbdad8f713fa42b33f4 -> 
  custom:video-decoder-webm-vp8: 9c59270c3fd7afecdb556c50c9e8de78 -> 
  custom:audio-decoder-ogg-vorbis: bf7c407c2cedff20999df2af8eb42d56 -> 
  custom:audio-encoder-webm-vorbis: bf7c407c2cedff20999df2af8eb42d56 -> 
========================================================================
Received Prepare
Registering precompiled user dll's ...
Registered in 0.000526 seconds.
Begin MonoManager ReloadAssembly
Native extension for WindowsStandalone target not found
Native extension for OSXStandalone target not found
Refreshing native plugins compatible for Editor in 0.43 ms, found 0 plugins.
Preloading 0 native plugins for Editor in 0.00 ms.
Mono: successfully reloaded assembly
- Completed reload, in  0.559 seconds
Domain Reload Profiling:
	ReloadAssembly (559ms)
		BeginReloadAssembly (74ms)
			ExecutionOrderSort (0ms)
			DisableScriptedObjects (5ms)
			BackupInstance (0ms)
			ReleaseScriptingObjects (0ms)
			CreateAndSetChildDomain (18ms)
		EndReloadAssembly (442ms)
			LoadAssemblies (59ms)
			RebuildTransferFunctionScriptingTraits (0ms)
			SetupTypeCache (141ms)
			ReleaseScriptCaches (1ms)
			RebuildScriptCaches (26ms)
			SetupLoadedEditorAssemblies (147ms)
				LogAssemblyErrors (0ms)
				InitializePlatformSupportModulesInManaged (4ms)
				SetLoadedEditorAssemblies (0ms)
				RefreshPlugins (0ms)
				BeforeProcessingInitializeOnLoad (66ms)
				ProcessInitializeOnLoadAttributes (67ms)
				ProcessInitializeOnLoadMethodAttributes (6ms)
				AfterProcessingInitializeOnLoad (3ms)
				EditorAssembliesLoaded (0ms)
			ExecutionOrderSort2 (0ms)
			AwakeInstancesAfterBackupRestoration (5ms)
Platform modules already initialized, skipping
Refreshing native plugins compatible for Editor in 0.42 ms, found 0 plugins.
Preloading 0 native plugins for Editor in 0.00 ms.
Unloading 1370 Unused Serialized files (Serialized files now loaded: 0)
System memory in use before: 76.7 MB.
System memory in use after: 75.6 MB.

Unloading 16 unused Assets to reduce memory usage. Loaded Objects now: 1882.
Total: 2.356400 ms (FindLiveObjects: 0.163400 ms CreateObjectMapping: 0.039800 ms MarkObjects: 1.332700 ms  DeleteObjects: 0.819800 ms)

AssetImportParameters requested are different than current active one (requested -> active):
  custom:framework-win-MediaFoundation: 216162199b28c13a410421893ffa2e32 -> 
  custom:video-decoder-ogg-theora: a1e56fd34408186e4bbccfd4996cb3dc -> 
  custom:container-muxer-webm: aa71ff27fc2769a1b78a27578f13a17b -> 
  custom:container-demuxer-webm: 4f35f7cbe854078d1ac9338744f61a02 -> 
  custom:container-demuxer-ogg: 62fdf1f143b41e24485cea50d1cbac27 -> 
  custom:video-encoder-webm-vp8: eb34c28f22e8b96e1ab97ce403110664 -> 
  custom:video-codec-MediaFoundation-h265: 746d11721c4dcdbdad8f713fa42b33f4 -> 
  custom:video-decoder-webm-vp8: 9c59270c3fd7afecdb556c50c9e8de78 -> 
  custom:audio-decoder-ogg-vorbis: bf7c407c2cedff20999df2af8eb42d56 -> 
  custom:audio-encoder-webm-vorbis: bf7c407c2cedff20999df2af8eb42d56 -> 
========================================================================
Received Prepare
Registering precompiled user dll's ...
Registered in 0.000497 seconds.
Begin MonoManager ReloadAssembly
Native extension for WindowsStandalone target not found
Native extension for OSXStandalone target not found
Refreshing native plugins compatible for Editor in 0.43 ms, found 0 plugins.
Preloading 0 native plugins for Editor in 0.00 ms.
Mono: successfully reloaded assembly
- Completed reload, in  0.544 seconds
Domain Reload Profiling:
	ReloadAssembly (544ms)
		BeginReloadAssembly (83ms)
			ExecutionOrderSort (0ms)
			DisableScriptedObjects (5ms)
			BackupInstance (0ms)
			ReleaseScriptingObjects (0ms)
			CreateAndSetChildDomain (18ms)
		EndReloadAssembly (420ms)
			LoadAssemblies (54ms)
			RebuildTransferFunctionScriptingTraits (0ms)
			SetupTypeCache (133ms)
			ReleaseScriptCaches (1ms)
			RebuildScriptCaches (25ms)
			SetupLoadedEditorAssemblies (141ms)
				LogAssemblyErrors (0ms)
				InitializePlatformSupportModulesInManaged (5ms)
				SetLoadedEditorAssemblies (0ms)
				RefreshPlugins (0ms)
				BeforeProcessingInitializeOnLoad (64ms)
				ProcessInitializeOnLoadAttributes (65ms)
				ProcessInitializeOnLoadMethodAttributes (6ms)
				AfterProcessingInitializeOnLoad (2ms)
				EditorAssembliesLoaded (0ms)
			ExecutionOrderSort2 (0ms)
			AwakeInstancesAfterBackupRestoration (5ms)
Platform modules already initialized, skipping
Refreshing native plugins compatible for Editor in 0.42 ms, found 0 plugins.
Preloading 0 native plugins for Editor in 0.00 ms.
Unloading 1370 Unused Serialized files (Serialized files now loaded: 0)
System memory in use before: 76.7 MB.
System memory in use after: 75.6 MB.

Unloading 16 unused Assets to reduce memory usage. Loaded Objects now: 1885.
Total: 2.433500 ms (FindLiveObjects: 0.163100 ms CreateObjectMapping: 0.044000 ms MarkObjects: 1.405900 ms  DeleteObjects: 0.819100 ms)

AssetImportParameters requested are different than current active one (requested -> active):
  custom:framework-win-MediaFoundation: 216162199b28c13a410421893ffa2e32 -> 
  custom:video-decoder-ogg-theora: a1e56fd34408186e4bbccfd4996cb3dc -> 
  custom:container-muxer-webm: aa71ff27fc2769a1b78a27578f13a17b -> 
  custom:container-demuxer-webm: 4f35f7cbe854078d1ac9338744f61a02 -> 
  custom:container-demuxer-ogg: 62fdf1f143b41e24485cea50d1cbac27 -> 
  custom:video-encoder-webm-vp8: eb34c28f22e8b96e1ab97ce403110664 -> 
  custom:video-codec-MediaFoundation-h265: 746d11721c4dcdbdad8f713fa42b33f4 -> 
  custom:video-decoder-webm-vp8: 9c59270c3fd7afecdb556c50c9e8de78 -> 
  custom:audio-decoder-ogg-vorbis: bf7c407c2cedff20999df2af8eb42d56 -> 
  custom:audio-encoder-webm-vorbis: bf7c407c2cedff20999df2af8eb42d56 -> 
AssetImportWorkerClient::OnTransportError - code=2 error=End of file
